2025-01-23T06:24:24+00:00 NOTICE API Response: Array
(
    [status] => 0
    [message] => The domain changed or not defined - please contact meshulam
)
 CONTEXT: {"_legacy":true}
2025-01-23T06:24:25+00:00 NOTICE API Response: Array
(
    [status] => 0
    [message] => The domain changed or not defined - please contact meshulam
)
 CONTEXT: {"_legacy":true}
2025-01-23T06:24:25+00:00 NOTICE API Response: Array
(
    [status] => 0
    [message] => The domain changed or not defined - please contact meshulam
)
 CONTEXT: {"_legacy":true}
2025-01-23T06:24:26+00:00 NOTICE API Response: Array
(
    [status] => 0
    [message] => The domain changed or not defined - please contact meshulam
)
 CONTEXT: {"_legacy":true}
2025-01-23T06:24:26+00:00 NOTICE API Response: Array
(
    [status] => 0
    [message] => The domain changed or not defined - please contact meshulam
)
 CONTEXT: {"_legacy":true}
2025-01-23T06:24:41+00:00 NOTICE API Response: Array
(
    [status] => 0
    [message] => The domain changed or not defined - please contact meshulam
)
 CONTEXT: {"_legacy":true}
2025-01-23T06:24:44+00:00 NOTICE API Response: Array
(
    [status] => 0
    [message] => The domain changed or not defined - please contact meshulam
)
 CONTEXT: {"_legacy":true}
2025-01-23T06:24:45+00:00 NOTICE API Response: Array
(
    [status] => 0
    [message] => The domain changed or not defined - please contact meshulam
)
 CONTEXT: {"_legacy":true}
2025-01-23T06:24:57+00:00 NOTICE API Response: Array
(
    [status] => 0
    [message] => The domain changed or not defined - please contact meshulam
)
 CONTEXT: {"_legacy":true}
2025-01-23T06:24:59+00:00 NOTICE API Response: Array
(
    [status] => 0
    [message] => The domain changed or not defined - please contact meshulam
)
 CONTEXT: {"_legacy":true}
2025-01-23T06:25:14+00:00 NOTICE API Response: Array
(
    [status] => 0
    [message] => The domain changed or not defined - please contact meshulam
)
 CONTEXT: {"_legacy":true}
2025-01-23T06:25:16+00:00 NOTICE API Response: Array
(
    [status] => 0
    [message] => The domain changed or not defined - please contact meshulam
)
 CONTEXT: {"_legacy":true}
2025-01-23T06:25:21+00:00 NOTICE API Response: Array
(
    [status] => 0
    [message] => The domain changed or not defined - please contact meshulam
)
 CONTEXT: {"_legacy":true}
2025-01-23T06:25:22+00:00 NOTICE API Response: Array
(
    [status] => 0
    [message] => The domain changed or not defined - please contact meshulam
)
 CONTEXT: {"_legacy":true}
2025-01-23T06:25:35+00:00 NOTICE API Response: Array
(
    [status] => 0
    [message] => The domain changed or not defined - please contact meshulam
)
 CONTEXT: {"_legacy":true}
2025-01-23T06:25:37+00:00 NOTICE API Response: Array
(
    [status] => 0
    [message] => The domain changed or not defined - please contact meshulam
)
 CONTEXT: {"_legacy":true}
2025-01-23T06:26:40+00:00 NOTICE API Response: Array
(
    [status] => 0
    [message] => The domain changed or not defined - please contact meshulam
)
 CONTEXT: {"_legacy":true}
2025-01-23T06:26:42+00:00 NOTICE API Response: Array
(
    [status] => 0
    [message] => The domain changed or not defined - please contact meshulam
)
 CONTEXT: {"_legacy":true}
2025-01-23T06:27:47+00:00 NOTICE API Response: Array
(
    [status] => 0
    [message] => The domain changed or not defined - please contact meshulam
)
 CONTEXT: {"_legacy":true}
2025-01-23T06:27:49+00:00 NOTICE API Response: Array
(
    [status] => 0
    [message] => The domain changed or not defined - please contact meshulam
)
 CONTEXT: {"_legacy":true}
2025-01-23T06:28:19+00:00 NOTICE API Response: Array
(
    [status] => 0
    [message] => The domain changed or not defined - please contact meshulam
)
 CONTEXT: {"_legacy":true}
2025-01-23T06:28:21+00:00 NOTICE API Response: Array
(
    [status] => 0
    [message] => The domain changed or not defined - please contact meshulam
)
 CONTEXT: {"_legacy":true}
2025-01-23T06:28:41+00:00 NOTICE API Response: Array
(
    [status] => 0
    [message] => The domain changed or not defined - please contact meshulam
)
 CONTEXT: {"_legacy":true}
2025-01-23T06:28:43+00:00 NOTICE API Response: Array
(
    [status] => 0
    [message] => The domain changed or not defined - please contact meshulam
)
 CONTEXT: {"_legacy":true}
2025-01-23T09:55:21+00:00 NOTICE API Response: Array
(
    [status] => 0
    [message] => The domain changed or not defined - please contact meshulam
)
 CONTEXT: {"_legacy":true}
2025-01-23T09:55:30+00:00 NOTICE API Response: Array
(
    [status] => 0
    [message] => The domain changed or not defined - please contact meshulam
)
 CONTEXT: {"_legacy":true}
2025-01-23T09:55:32+00:00 NOTICE API Response: Array
(
    [status] => 0
    [message] => The domain changed or not defined - please contact meshulam
)
 CONTEXT: {"_legacy":true}
2025-01-23T09:55:37+00:00 NOTICE API Response: Array
(
    [status] => 0
    [message] => The domain changed or not defined - please contact meshulam
)
 CONTEXT: {"_legacy":true}
2025-01-23T09:55:38+00:00 NOTICE API Response: Array
(
    [status] => 0
    [message] => The domain changed or not defined - please contact meshulam
)
 CONTEXT: {"_legacy":true}
2025-01-23T10:00:01+00:00 NOTICE API Response: Array
(
    [status] => 0
    [message] => The domain changed or not defined - please contact meshulam
)
 CONTEXT: {"_legacy":true}
2025-01-23T10:00:03+00:00 NOTICE API Response: Array
(
    [status] => 0
    [message] => The domain changed or not defined - please contact meshulam
)
 CONTEXT: {"_legacy":true}
2025-01-23T10:01:31+00:00 NOTICE API Response: Array
(
    [status] => 0
    [message] => The domain changed or not defined - please contact meshulam
)
 CONTEXT: {"_legacy":true}
2025-01-23T10:01:32+00:00 NOTICE API Response: Array
(
    [status] => 0
    [message] => The domain changed or not defined - please contact meshulam
)
 CONTEXT: {"_legacy":true}
2025-01-23T10:03:00+00:00 NOTICE API Response: Array
(
    [status] => 0
    [message] => The domain changed or not defined - please contact meshulam
)
 CONTEXT: {"_legacy":true}
2025-01-23T10:03:02+00:00 NOTICE API Response: Array
(
    [status] => 0
    [message] => The domain changed or not defined - please contact meshulam
)
 CONTEXT: {"_legacy":true}
2025-01-23T10:03:43+00:00 NOTICE API Response: Array
(
    [status] => 0
    [message] => The domain changed or not defined - please contact meshulam
)
 CONTEXT: {"_legacy":true}
2025-01-23T10:03:45+00:00 NOTICE API Response: Array
(
    [status] => 0
    [message] => The domain changed or not defined - please contact meshulam
)
 CONTEXT: {"_legacy":true}
2025-01-23T10:05:02+00:00 NOTICE API Response: Array
(
    [status] => 0
    [message] => The domain changed or not defined - please contact meshulam
)
 CONTEXT: {"_legacy":true}
2025-01-23T10:05:04+00:00 NOTICE API Response: Array
(
    [status] => 0
    [message] => The domain changed or not defined - please contact meshulam
)
 CONTEXT: {"_legacy":true}
2025-01-23T10:05:37+00:00 NOTICE API Response: Array
(
    [status] => 0
    [message] => The domain changed or not defined - please contact meshulam
)
 CONTEXT: {"_legacy":true}
2025-01-23T10:05:39+00:00 NOTICE API Response: Array
(
    [status] => 0
    [message] => The domain changed or not defined - please contact meshulam
)
 CONTEXT: {"_legacy":true}
2025-01-23T10:06:31+00:00 NOTICE API Response: Array
(
    [status] => 0
    [message] => The domain changed or not defined - please contact meshulam
)
 CONTEXT: {"_legacy":true}
2025-01-23T10:06:32+00:00 NOTICE API Response: Array
(
    [status] => 0
    [message] => The domain changed or not defined - please contact meshulam
)
 CONTEXT: {"_legacy":true}
2025-01-23T10:11:38+00:00 NOTICE API Response: Array
(
    [status] => 0
    [message] => The domain changed or not defined - please contact meshulam
)
 CONTEXT: {"_legacy":true}
2025-01-23T10:11:40+00:00 NOTICE API Response: Array
(
    [status] => 0
    [message] => The domain changed or not defined - please contact meshulam
)
 CONTEXT: {"_legacy":true}
2025-01-23T10:12:45+00:00 NOTICE API Response: Array
(
    [status] => 0
    [message] => The domain changed or not defined - please contact meshulam
)
 CONTEXT: {"_legacy":true}
2025-01-23T10:12:47+00:00 NOTICE API Response: Array
(
    [status] => 0
    [message] => The domain changed or not defined - please contact meshulam
)
 CONTEXT: {"_legacy":true}
2025-01-23T10:18:15+00:00 NOTICE API Response: Array
(
    [status] => 0
    [message] => The domain changed or not defined - please contact meshulam
)
 CONTEXT: {"_legacy":true}
2025-01-23T10:18:16+00:00 NOTICE API Response: Array
(
    [status] => 0
    [message] => The domain changed or not defined - please contact meshulam
)
 CONTEXT: {"_legacy":true}
2025-01-23T10:19:17+00:00 NOTICE API Response: Array
(
    [status] => 0
    [message] => The domain changed or not defined - please contact meshulam
)
 CONTEXT: {"_legacy":true}
2025-01-23T10:19:19+00:00 NOTICE API Response: Array
(
    [status] => 0
    [message] => The domain changed or not defined - please contact meshulam
)
 CONTEXT: {"_legacy":true}
2025-01-23T10:19:53+00:00 NOTICE API Response: Array
(
    [status] => 0
    [message] => The domain changed or not defined - please contact meshulam
)
 CONTEXT: {"_legacy":true}
2025-01-23T10:19:54+00:00 NOTICE API Response: Array
(
    [status] => 0
    [message] => The domain changed or not defined - please contact meshulam
)
 CONTEXT: {"_legacy":true}
2025-01-23T10:24:20+00:00 NOTICE API Response: Array
(
    [status] => 0
    [message] => The domain changed or not defined - please contact meshulam
)
 CONTEXT: {"_legacy":true}
2025-01-23T10:24:22+00:00 NOTICE API Response: Array
(
    [status] => 0
    [message] => The domain changed or not defined - please contact meshulam
)
 CONTEXT: {"_legacy":true}
2025-01-23T10:24:47+00:00 NOTICE API Response: Array
(
    [status] => 0
    [message] => The domain changed or not defined - please contact meshulam
)
 CONTEXT: {"_legacy":true}
2025-01-23T10:24:48+00:00 NOTICE API Response: Array
(
    [status] => 0
    [message] => The domain changed or not defined - please contact meshulam
)
 CONTEXT: {"_legacy":true}
2025-01-23T10:38:05+00:00 NOTICE API Response: Array
(
    [status] => 0
    [message] => The domain changed or not defined - please contact meshulam
)
 CONTEXT: {"_legacy":true}
2025-01-23T10:38:07+00:00 NOTICE API Response: Array
(
    [status] => 0
    [message] => The domain changed or not defined - please contact meshulam
)
 CONTEXT: {"_legacy":true}
2025-01-23T10:39:24+00:00 NOTICE API Response: Array
(
    [status] => 0
    [message] => The domain changed or not defined - please contact meshulam
)
 CONTEXT: {"_legacy":true}
2025-01-23T10:39:26+00:00 NOTICE API Response: Array
(
    [status] => 0
    [message] => The domain changed or not defined - please contact meshulam
)
 CONTEXT: {"_legacy":true}
2025-01-23T10:44:17+00:00 NOTICE API Response: Array
(
    [status] => 0
    [message] => The domain changed or not defined - please contact meshulam
)
 CONTEXT: {"_legacy":true}
2025-01-23T10:44:19+00:00 NOTICE API Response: Array
(
    [status] => 0
    [message] => The domain changed or not defined - please contact meshulam
)
 CONTEXT: {"_legacy":true}
2025-01-23T10:46:59+00:00 NOTICE API Response: Array
(
    [status] => 0
    [message] => The domain changed or not defined - please contact meshulam
)
 CONTEXT: {"_legacy":true}
2025-01-23T10:47:00+00:00 NOTICE API Response: Array
(
    [status] => 0
    [message] => The domain changed or not defined - please contact meshulam
)
 CONTEXT: {"_legacy":true}
2025-01-23T10:48:58+00:00 NOTICE API Response: Array
(
    [status] => 0
    [message] => The domain changed or not defined - please contact meshulam
)
 CONTEXT: {"_legacy":true}
2025-01-23T10:49:00+00:00 NOTICE API Response: Array
(
    [status] => 0
    [message] => The domain changed or not defined - please contact meshulam
)
 CONTEXT: {"_legacy":true}
2025-01-23T10:50:43+00:00 NOTICE API Response: Array
(
    [status] => 0
    [message] => The domain changed or not defined - please contact meshulam
)
 CONTEXT: {"_legacy":true}
2025-01-23T10:50:45+00:00 NOTICE API Response: Array
(
    [status] => 0
    [message] => The domain changed or not defined - please contact meshulam
)
 CONTEXT: {"_legacy":true}
2025-01-23T10:51:48+00:00 NOTICE API Response: Array
(
    [status] => 0
    [message] => The domain changed or not defined - please contact meshulam
)
 CONTEXT: {"_legacy":true}
2025-01-23T10:51:50+00:00 NOTICE API Response: Array
(
    [status] => 0
    [message] => The domain changed or not defined - please contact meshulam
)
 CONTEXT: {"_legacy":true}
2025-01-23T10:54:29+00:00 NOTICE API Response: Array
(
    [status] => 0
    [message] => The domain changed or not defined - please contact meshulam
)
 CONTEXT: {"_legacy":true}
2025-01-23T10:54:31+00:00 NOTICE API Response: Array
(
    [status] => 0
    [message] => The domain changed or not defined - please contact meshulam
)
 CONTEXT: {"_legacy":true}
2025-01-23T10:55:15+00:00 NOTICE API Response: Array
(
    [status] => 0
    [message] => The domain changed or not defined - please contact meshulam
)
 CONTEXT: {"_legacy":true}
2025-01-23T10:55:17+00:00 NOTICE API Response: Array
(
    [status] => 0
    [message] => The domain changed or not defined - please contact meshulam
)
 CONTEXT: {"_legacy":true}
