2025-01-06T05:21:40+00:00 NOTICE API Response: Array
(
    [status] => 0
    [message] => The domain changed or not defined - please contact meshulam
)
 CONTEXT: {"_legacy":true}
2025-01-06T05:21:55+00:00 NOTICE API Response: Array
(
    [status] => 0
    [message] => The domain changed or not defined - please contact meshulam
)
 CONTEXT: {"_legacy":true}
2025-01-06T05:21:56+00:00 NOTICE API Response: Array
(
    [status] => 0
    [message] => The domain changed or not defined - please contact meshulam
)
 CONTEXT: {"_legacy":true}
2025-01-06T05:25:00+00:00 NOTICE API Response: Array
(
    [status] => 0
    [message] => The domain changed or not defined - please contact meshulam
)
 CONTEXT: {"_legacy":true}
2025-01-06T05:25:02+00:00 NOTICE API Response: Array
(
    [status] => 0
    [message] => The domain changed or not defined - please contact meshulam
)
 CONTEXT: {"_legacy":true}
2025-01-06T05:26:52+00:00 NOTICE API Response: Array
(
    [status] => 0
    [message] => The domain changed or not defined - please contact meshulam
)
 CONTEXT: {"_legacy":true}
2025-01-06T05:26:57+00:00 NOTICE API Response: Array
(
    [status] => 0
    [message] => The domain changed or not defined - please contact meshulam
)
 CONTEXT: {"_legacy":true}
2025-01-06T05:27:04+00:00 NOTICE API Response: Array
(
    [status] => 0
    [message] => The domain changed or not defined - please contact meshulam
)
 CONTEXT: {"_legacy":true}
2025-01-06T05:27:04+00:00 NOTICE API Response: Array
(
    [status] => 0
    [message] => The domain changed or not defined - please contact meshulam
)
 CONTEXT: {"_legacy":true}
2025-01-06T05:27:06+00:00 NOTICE API Response: Array
(
    [status] => 0
    [message] => The domain changed or not defined - please contact meshulam
)
 CONTEXT: {"_legacy":true}
2025-01-06T05:27:06+00:00 NOTICE API Response: Array
(
    [status] => 0
    [message] => The domain changed or not defined - please contact meshulam
)
 CONTEXT: {"_legacy":true}
2025-01-06T05:27:37+00:00 NOTICE API Response: Array
(
    [status] => 0
    [message] => The domain changed or not defined - please contact meshulam
)
 CONTEXT: {"_legacy":true}
2025-01-06T05:27:39+00:00 NOTICE API Response: Array
(
    [status] => 0
    [message] => The domain changed or not defined - please contact meshulam
)
 CONTEXT: {"_legacy":true}
2025-01-06T05:29:32+00:00 NOTICE API Response: Array
(
    [status] => 0
    [message] => The domain changed or not defined - please contact meshulam
)
 CONTEXT: {"_legacy":true}
2025-01-06T05:29:33+00:00 NOTICE API Response: Array
(
    [status] => 0
    [message] => The domain changed or not defined - please contact meshulam
)
 CONTEXT: {"_legacy":true}
2025-01-06T06:03:58+00:00 NOTICE API Response: Array
(
    [status] => 0
    [message] => The domain changed or not defined - please contact meshulam
)
 CONTEXT: {"_legacy":true}
2025-01-06T06:04:00+00:00 NOTICE API Response: Array
(
    [status] => 0
    [message] => The domain changed or not defined - please contact meshulam
)
 CONTEXT: {"_legacy":true}
2025-01-06T07:14:36+00:00 NOTICE API Response: Array
(
    [status] => 0
    [message] => The domain changed or not defined - please contact meshulam
)
 CONTEXT: {"_legacy":true}
2025-01-06T07:14:37+00:00 NOTICE API Response: Array
(
    [status] => 0
    [message] => The domain changed or not defined - please contact meshulam
)
 CONTEXT: {"_legacy":true}
2025-01-06T07:24:00+00:00 NOTICE API Response: Array
(
    [status] => 0
    [message] => The domain changed or not defined - please contact meshulam
)
 CONTEXT: {"_legacy":true}
2025-01-06T07:24:01+00:00 NOTICE API Response: Array
(
    [status] => 0
    [message] => The domain changed or not defined - please contact meshulam
)
 CONTEXT: {"_legacy":true}
2025-01-06T07:26:43+00:00 NOTICE API Response: Array
(
    [status] => 0
    [message] => The domain changed or not defined - please contact meshulam
)
 CONTEXT: {"_legacy":true}
2025-01-06T07:26:44+00:00 NOTICE API Response: Array
(
    [status] => 0
    [message] => The domain changed or not defined - please contact meshulam
)
 CONTEXT: {"_legacy":true}
2025-01-06T07:27:02+00:00 NOTICE API Response: Array
(
    [status] => 0
    [message] => The domain changed or not defined - please contact meshulam
)
 CONTEXT: {"_legacy":true}
2025-01-06T07:27:03+00:00 NOTICE API Response: Array
(
    [status] => 0
    [message] => The domain changed or not defined - please contact meshulam
)
 CONTEXT: {"_legacy":true}
2025-01-06T07:27:08+00:00 NOTICE API Response: Array
(
    [status] => 0
    [message] => The domain changed or not defined - please contact meshulam
)
 CONTEXT: {"_legacy":true}
2025-01-06T07:27:10+00:00 NOTICE API Response: Array
(
    [status] => 0
    [message] => The domain changed or not defined - please contact meshulam
)
 CONTEXT: {"_legacy":true}
2025-01-06T07:41:11+00:00 NOTICE API Response: Array
(
    [status] => 0
    [message] => The domain changed or not defined - please contact meshulam
)
 CONTEXT: {"_legacy":true}
2025-01-06T07:41:12+00:00 NOTICE API Response: Array
(
    [status] => 0
    [message] => The domain changed or not defined - please contact meshulam
)
 CONTEXT: {"_legacy":true}
2025-01-06T07:43:03+00:00 NOTICE API Response: Array
(
    [status] => 0
    [message] => The domain changed or not defined - please contact meshulam
)
 CONTEXT: {"_legacy":true}
2025-01-06T07:43:21+00:00 NOTICE API Response: Array
(
    [status] => 0
    [message] => The domain changed or not defined - please contact meshulam
)
 CONTEXT: {"_legacy":true}
2025-01-06T07:43:23+00:00 NOTICE API Response: Array
(
    [status] => 0
    [message] => The domain changed or not defined - please contact meshulam
)
 CONTEXT: {"_legacy":true}
2025-01-06T07:43:34+00:00 NOTICE API Response: Array
(
    [status] => 0
    [message] => The domain changed or not defined - please contact meshulam
)
 CONTEXT: {"_legacy":true}
2025-01-06T07:43:36+00:00 NOTICE API Response: Array
(
    [status] => 0
    [message] => The domain changed or not defined - please contact meshulam
)
 CONTEXT: {"_legacy":true}
2025-01-06T07:43:36+00:00 NOTICE API Response: Array
(
    [status] => 0
    [message] => The domain changed or not defined - please contact meshulam
)
 CONTEXT: {"_legacy":true}
2025-01-06T07:43:38+00:00 NOTICE API Response: Array
(
    [status] => 0
    [message] => The domain changed or not defined - please contact meshulam
)
 CONTEXT: {"_legacy":true}
2025-01-06T07:43:40+00:00 NOTICE API Response: Array
(
    [status] => 0
    [message] => The domain changed or not defined - please contact meshulam
)
 CONTEXT: {"_legacy":true}
2025-01-06T07:43:40+00:00 NOTICE API Response: Array
(
    [status] => 0
    [message] => The domain changed or not defined - please contact meshulam
)
 CONTEXT: {"_legacy":true}
2025-01-06T07:43:42+00:00 NOTICE API Response: Array
(
    [status] => 0
    [message] => The domain changed or not defined - please contact meshulam
)
 CONTEXT: {"_legacy":true}
2025-01-06T07:43:42+00:00 NOTICE API Response: Array
(
    [status] => 0
    [message] => The domain changed or not defined - please contact meshulam
)
 CONTEXT: {"_legacy":true}
2025-01-06T07:43:44+00:00 NOTICE API Response: Array
(
    [status] => 0
    [message] => The domain changed or not defined - please contact meshulam
)
 CONTEXT: {"_legacy":true}
2025-01-06T07:43:46+00:00 NOTICE API Response: Array
(
    [status] => 0
    [message] => The domain changed or not defined - please contact meshulam
)
 CONTEXT: {"_legacy":true}
2025-01-06T07:43:55+00:00 NOTICE API Response: Array
(
    [status] => 0
    [message] => The domain changed or not defined - please contact meshulam
)
 CONTEXT: {"_legacy":true}
2025-01-06T07:43:55+00:00 NOTICE API Response: Array
(
    [status] => 0
    [message] => The domain changed or not defined - please contact meshulam
)
 CONTEXT: {"_legacy":true}
2025-01-06T07:43:56+00:00 NOTICE API Response: Array
(
    [status] => 0
    [message] => The domain changed or not defined - please contact meshulam
)
 CONTEXT: {"_legacy":true}
2025-01-06T07:43:57+00:00 NOTICE API Response: Array
(
    [status] => 0
    [message] => The domain changed or not defined - please contact meshulam
)
 CONTEXT: {"_legacy":true}
2025-01-06T07:50:05+00:00 NOTICE API Response: Array
(
    [status] => 0
    [message] => The domain changed or not defined - please contact meshulam
)
 CONTEXT: {"_legacy":true}
2025-01-06T07:50:07+00:00 NOTICE API Response: Array
(
    [status] => 0
    [message] => The domain changed or not defined - please contact meshulam
)
 CONTEXT: {"_legacy":true}
2025-01-06T07:50:18+00:00 NOTICE API Response: Array
(
    [status] => 0
    [message] => The domain changed or not defined - please contact meshulam
)
 CONTEXT: {"_legacy":true}
2025-01-06T07:50:29+00:00 NOTICE API Response: Array
(
    [status] => 0
    [message] => The domain changed or not defined - please contact meshulam
)
 CONTEXT: {"_legacy":true}
2025-01-06T07:50:39+00:00 NOTICE API Response: Array
(
    [status] => 0
    [message] => The domain changed or not defined - please contact meshulam
)
 CONTEXT: {"_legacy":true}
2025-01-06T07:50:40+00:00 NOTICE API Response: Array
(
    [status] => 0
    [message] => The domain changed or not defined - please contact meshulam
)
 CONTEXT: {"_legacy":true}
2025-01-06T07:50:40+00:00 NOTICE API Response: Array
(
    [status] => 0
    [message] => The domain changed or not defined - please contact meshulam
)
 CONTEXT: {"_legacy":true}
2025-01-06T07:50:41+00:00 NOTICE API Response: Array
(
    [status] => 0
    [message] => The domain changed or not defined - please contact meshulam
)
 CONTEXT: {"_legacy":true}
2025-01-06T07:52:59+00:00 NOTICE API Response: Array
(
    [status] => 0
    [message] => The domain changed or not defined - please contact meshulam
)
 CONTEXT: {"_legacy":true}
2025-01-06T07:53:12+00:00 NOTICE API Response: Array
(
    [status] => 0
    [message] => The domain changed or not defined - please contact meshulam
)
 CONTEXT: {"_legacy":true}
2025-01-06T07:53:14+00:00 NOTICE API Response: Array
(
    [status] => 0
    [message] => The domain changed or not defined - please contact meshulam
)
 CONTEXT: {"_legacy":true}
2025-01-06T07:53:23+00:00 NOTICE API Response: Array
(
    [status] => 0
    [message] => The domain changed or not defined - please contact meshulam
)
 CONTEXT: {"_legacy":true}
2025-01-06T07:53:24+00:00 NOTICE API Response: Array
(
    [status] => 0
    [message] => The domain changed or not defined - please contact meshulam
)
 CONTEXT: {"_legacy":true}
2025-01-06T07:53:24+00:00 NOTICE API Response: Array
(
    [status] => 0
    [message] => The domain changed or not defined - please contact meshulam
)
 CONTEXT: {"_legacy":true}
2025-01-06T07:53:25+00:00 NOTICE API Response: Array
(
    [status] => 0
    [message] => The domain changed or not defined - please contact meshulam
)
 CONTEXT: {"_legacy":true}
2025-01-06T07:55:01+00:00 NOTICE API Response: Array
(
    [status] => 0
    [message] => The domain changed or not defined - please contact meshulam
)
 CONTEXT: {"_legacy":true}
2025-01-06T07:55:02+00:00 NOTICE API Response: Array
(
    [status] => 0
    [message] => The domain changed or not defined - please contact meshulam
)
 CONTEXT: {"_legacy":true}
2025-01-06T07:55:04+00:00 NOTICE API Response: Array
(
    [status] => 0
    [message] => The domain changed or not defined - please contact meshulam
)
 CONTEXT: {"_legacy":true}
2025-01-06T07:55:06+00:00 NOTICE API Response: Array
(
    [status] => 0
    [message] => The domain changed or not defined - please contact meshulam
)
 CONTEXT: {"_legacy":true}
2025-01-06T07:55:15+00:00 NOTICE API Response: Array
(
    [status] => 0
    [message] => The domain changed or not defined - please contact meshulam
)
 CONTEXT: {"_legacy":true}
2025-01-06T07:55:17+00:00 NOTICE API Response: Array
(
    [status] => 0
    [message] => The domain changed or not defined - please contact meshulam
)
 CONTEXT: {"_legacy":true}
2025-01-06T07:55:20+00:00 NOTICE API Response: Array
(
    [status] => 0
    [message] => The domain changed or not defined - please contact meshulam
)
 CONTEXT: {"_legacy":true}
2025-01-06T07:55:22+00:00 NOTICE API Response: Array
(
    [status] => 0
    [message] => The domain changed or not defined - please contact meshulam
)
 CONTEXT: {"_legacy":true}
2025-01-06T07:55:52+00:00 NOTICE API Response: Array
(
    [status] => 0
    [message] => The domain changed or not defined - please contact meshulam
)
 CONTEXT: {"_legacy":true}
2025-01-06T07:55:54+00:00 NOTICE API Response: Array
(
    [status] => 0
    [message] => The domain changed or not defined - please contact meshulam
)
 CONTEXT: {"_legacy":true}
2025-01-06T07:55:56+00:00 NOTICE API Response: Array
(
    [status] => 0
    [message] => The domain changed or not defined - please contact meshulam
)
 CONTEXT: {"_legacy":true}
2025-01-06T07:55:58+00:00 NOTICE API Response: Array
(
    [status] => 0
    [message] => The domain changed or not defined - please contact meshulam
)
 CONTEXT: {"_legacy":true}
2025-01-06T07:56:07+00:00 NOTICE API Response: Array
(
    [status] => 0
    [message] => The domain changed or not defined - please contact meshulam
)
 CONTEXT: {"_legacy":true}
2025-01-06T07:56:09+00:00 NOTICE API Response: Array
(
    [status] => 0
    [message] => The domain changed or not defined - please contact meshulam
)
 CONTEXT: {"_legacy":true}
2025-01-06T07:56:11+00:00 NOTICE API Response: Array
(
    [status] => 0
    [message] => The domain changed or not defined - please contact meshulam
)
 CONTEXT: {"_legacy":true}
2025-01-06T07:56:12+00:00 NOTICE API Response: Array
(
    [status] => 0
    [message] => The domain changed or not defined - please contact meshulam
)
 CONTEXT: {"_legacy":true}
2025-01-06T07:56:16+00:00 NOTICE API Response: Array
(
    [status] => 0
    [message] => The domain changed or not defined - please contact meshulam
)
 CONTEXT: {"_legacy":true}
2025-01-06T07:56:17+00:00 NOTICE API Response: Array
(
    [status] => 0
    [message] => The domain changed or not defined - please contact meshulam
)
 CONTEXT: {"_legacy":true}
2025-01-06T07:56:19+00:00 NOTICE API Response: Array
(
    [status] => 0
    [message] => The domain changed or not defined - please contact meshulam
)
 CONTEXT: {"_legacy":true}
2025-01-06T07:56:21+00:00 NOTICE API Response: Array
(
    [status] => 0
    [message] => The domain changed or not defined - please contact meshulam
)
 CONTEXT: {"_legacy":true}
2025-01-06T07:59:57+00:00 NOTICE API Response: Array
(
    [status] => 0
    [message] => The domain changed or not defined - please contact meshulam
)
 CONTEXT: {"_legacy":true}
2025-01-06T07:59:57+00:00 NOTICE API Response: Array
(
    [status] => 0
    [message] => The domain changed or not defined - please contact meshulam
)
 CONTEXT: {"_legacy":true}
2025-01-06T07:59:57+00:00 NOTICE API Response: Array
(
    [status] => 0
    [message] => The domain changed or not defined - please contact meshulam
)
 CONTEXT: {"_legacy":true}
2025-01-06T07:59:57+00:00 NOTICE API Response: Array
(
    [status] => 0
    [message] => The domain changed or not defined - please contact meshulam
)
 CONTEXT: {"_legacy":true}
2025-01-06T07:59:57+00:00 NOTICE API Response: Array
(
    [status] => 0
    [message] => The domain changed or not defined - please contact meshulam
)
 CONTEXT: {"_legacy":true}
2025-01-06T07:59:58+00:00 NOTICE API Response: Array
(
    [status] => 0
    [message] => The domain changed or not defined - please contact meshulam
)
 CONTEXT: {"_legacy":true}
2025-01-06T07:59:59+00:00 NOTICE API Response: Array
(
    [status] => 0
    [message] => The domain changed or not defined - please contact meshulam
)
 CONTEXT: {"_legacy":true}
2025-01-06T07:59:59+00:00 NOTICE API Response: Array
(
    [status] => 0
    [message] => The domain changed or not defined - please contact meshulam
)
 CONTEXT: {"_legacy":true}
2025-01-06T07:59:59+00:00 NOTICE API Response: Array
(
    [status] => 0
    [message] => The domain changed or not defined - please contact meshulam
)
 CONTEXT: {"_legacy":true}
2025-01-06T07:59:59+00:00 NOTICE API Response: Array
(
    [status] => 0
    [message] => The domain changed or not defined - please contact meshulam
)
 CONTEXT: {"_legacy":true}
2025-01-06T08:00:00+00:00 NOTICE API Response: Array
(
    [status] => 0
    [message] => The domain changed or not defined - please contact meshulam
)
 CONTEXT: {"_legacy":true}
2025-01-06T08:00:01+00:00 NOTICE API Response: Array
(
    [status] => 0
    [message] => The domain changed or not defined - please contact meshulam
)
 CONTEXT: {"_legacy":true}
2025-01-06T08:00:01+00:00 NOTICE API Response: Array
(
    [status] => 0
    [message] => The domain changed or not defined - please contact meshulam
)
 CONTEXT: {"_legacy":true}
2025-01-06T08:00:01+00:00 NOTICE API Response: Array
(
    [status] => 0
    [message] => The domain changed or not defined - please contact meshulam
)
 CONTEXT: {"_legacy":true}
2025-01-06T08:00:01+00:00 NOTICE API Response: Array
(
    [status] => 0
    [message] => The domain changed or not defined - please contact meshulam
)
 CONTEXT: {"_legacy":true}
2025-01-06T08:00:02+00:00 NOTICE API Response: Array
(
    [status] => 0
    [message] => The domain changed or not defined - please contact meshulam
)
 CONTEXT: {"_legacy":true}
2025-01-06T08:00:02+00:00 NOTICE API Response: Array
(
    [status] => 0
    [message] => The domain changed or not defined - please contact meshulam
)
 CONTEXT: {"_legacy":true}
2025-01-06T08:00:02+00:00 NOTICE API Response: Array
(
    [status] => 0
    [message] => The domain changed or not defined - please contact meshulam
)
 CONTEXT: {"_legacy":true}
2025-01-06T08:00:03+00:00 NOTICE API Response: Array
(
    [status] => 0
    [message] => The domain changed or not defined - please contact meshulam
)
 CONTEXT: {"_legacy":true}
2025-01-06T08:00:03+00:00 NOTICE API Response: Array
(
    [status] => 0
    [message] => The domain changed or not defined - please contact meshulam
)
 CONTEXT: {"_legacy":true}
2025-01-06T08:00:14+00:00 NOTICE API Response: Array
(
    [status] => 0
    [message] => The domain changed or not defined - please contact meshulam
)
 CONTEXT: {"_legacy":true}
2025-01-06T08:00:15+00:00 NOTICE API Response: Array
(
    [status] => 0
    [message] => The domain changed or not defined - please contact meshulam
)
 CONTEXT: {"_legacy":true}
2025-01-06T08:00:19+00:00 NOTICE API Response: Array
(
    [status] => 0
    [message] => The domain changed or not defined - please contact meshulam
)
 CONTEXT: {"_legacy":true}
2025-01-06T08:00:20+00:00 NOTICE API Response: Array
(
    [status] => 0
    [message] => The domain changed or not defined - please contact meshulam
)
 CONTEXT: {"_legacy":true}
2025-01-06T08:00:47+00:00 NOTICE API Response: Array
(
    [status] => 0
    [message] => The domain changed or not defined - please contact meshulam
)
 CONTEXT: {"_legacy":true}
2025-01-06T08:00:48+00:00 NOTICE API Response: Array
(
    [status] => 0
    [message] => The domain changed or not defined - please contact meshulam
)
 CONTEXT: {"_legacy":true}
2025-01-06T08:00:50+00:00 NOTICE API Response: Array
(
    [status] => 0
    [message] => The domain changed or not defined - please contact meshulam
)
 CONTEXT: {"_legacy":true}
2025-01-06T08:00:52+00:00 NOTICE API Response: Array
(
    [status] => 0
    [message] => The domain changed or not defined - please contact meshulam
)
 CONTEXT: {"_legacy":true}
2025-01-06T08:01:02+00:00 NOTICE API Response: Array
(
    [status] => 0
    [message] => The domain changed or not defined - please contact meshulam
)
 CONTEXT: {"_legacy":true}
2025-01-06T08:01:04+00:00 NOTICE API Response: Array
(
    [status] => 0
    [message] => The domain changed or not defined - please contact meshulam
)
 CONTEXT: {"_legacy":true}
2025-01-06T08:01:04+00:00 NOTICE API Response: Array
(
    [status] => 0
    [message] => The domain changed or not defined - please contact meshulam
)
 CONTEXT: {"_legacy":true}
2025-01-06T08:01:05+00:00 NOTICE API Response: Array
(
    [status] => 0
    [message] => The domain changed or not defined - please contact meshulam
)
 CONTEXT: {"_legacy":true}
2025-01-06T08:01:40+00:00 NOTICE API Response: Array
(
    [status] => 0
    [message] => The domain changed or not defined - please contact meshulam
)
 CONTEXT: {"_legacy":true}
2025-01-06T08:01:41+00:00 NOTICE API Response: Array
(
    [status] => 0
    [message] => The domain changed or not defined - please contact meshulam
)
 CONTEXT: {"_legacy":true}
2025-01-06T08:01:43+00:00 NOTICE API Response: Array
(
    [status] => 0
    [message] => The domain changed or not defined - please contact meshulam
)
 CONTEXT: {"_legacy":true}
2025-01-06T08:01:45+00:00 NOTICE API Response: Array
(
    [status] => 0
    [message] => The domain changed or not defined - please contact meshulam
)
 CONTEXT: {"_legacy":true}
2025-01-06T08:04:21+00:00 NOTICE API Response: Array
(
    [status] => 0
    [message] => The domain changed or not defined - please contact meshulam
)
 CONTEXT: {"_legacy":true}
2025-01-06T08:04:23+00:00 NOTICE API Response: Array
(
    [status] => 0
    [message] => The domain changed or not defined - please contact meshulam
)
 CONTEXT: {"_legacy":true}
2025-01-06T08:04:25+00:00 NOTICE API Response: Array
(
    [status] => 0
    [message] => The domain changed or not defined - please contact meshulam
)
 CONTEXT: {"_legacy":true}
2025-01-06T08:04:26+00:00 NOTICE API Response: Array
(
    [status] => 0
    [message] => The domain changed or not defined - please contact meshulam
)
 CONTEXT: {"_legacy":true}
2025-01-06T08:04:35+00:00 NOTICE API Response: Array
(
    [status] => 0
    [message] => The domain changed or not defined - please contact meshulam
)
 CONTEXT: {"_legacy":true}
2025-01-06T08:04:37+00:00 NOTICE API Response: Array
(
    [status] => 0
    [message] => The domain changed or not defined - please contact meshulam
)
 CONTEXT: {"_legacy":true}
2025-01-06T08:04:38+00:00 NOTICE API Response: Array
(
    [status] => 0
    [message] => The domain changed or not defined - please contact meshulam
)
 CONTEXT: {"_legacy":true}
2025-01-06T08:04:39+00:00 NOTICE API Response: Array
(
    [status] => 0
    [message] => The domain changed or not defined - please contact meshulam
)
 CONTEXT: {"_legacy":true}
2025-01-06T08:09:07+00:00 NOTICE API Response: Array
(
    [status] => 0
    [message] => The domain changed or not defined - please contact meshulam
)
 CONTEXT: {"_legacy":true}
2025-01-06T08:09:08+00:00 NOTICE API Response: Array
(
    [status] => 0
    [message] => The domain changed or not defined - please contact meshulam
)
 CONTEXT: {"_legacy":true}
2025-01-06T08:09:10+00:00 NOTICE API Response: Array
(
    [status] => 0
    [message] => The domain changed or not defined - please contact meshulam
)
 CONTEXT: {"_legacy":true}
2025-01-06T08:09:12+00:00 NOTICE API Response: Array
(
    [status] => 0
    [message] => The domain changed or not defined - please contact meshulam
)
 CONTEXT: {"_legacy":true}
2025-01-06T08:10:02+00:00 NOTICE API Response: Array
(
    [status] => 0
    [message] => The domain changed or not defined - please contact meshulam
)
 CONTEXT: {"_legacy":true}
2025-01-06T08:10:04+00:00 NOTICE API Response: Array
(
    [status] => 0
    [message] => The domain changed or not defined - please contact meshulam
)
 CONTEXT: {"_legacy":true}
2025-01-06T08:10:06+00:00 NOTICE API Response: Array
(
    [status] => 0
    [message] => The domain changed or not defined - please contact meshulam
)
 CONTEXT: {"_legacy":true}
2025-01-06T08:10:07+00:00 NOTICE API Response: Array
(
    [status] => 0
    [message] => The domain changed or not defined - please contact meshulam
)
 CONTEXT: {"_legacy":true}
2025-01-06T08:12:10+00:00 NOTICE API Response: Array
(
    [status] => 0
    [message] => The domain changed or not defined - please contact meshulam
)
 CONTEXT: {"_legacy":true}
2025-01-06T08:12:11+00:00 NOTICE API Response: Array
(
    [status] => 0
    [message] => The domain changed or not defined - please contact meshulam
)
 CONTEXT: {"_legacy":true}
2025-01-06T08:12:13+00:00 NOTICE API Response: Array
(
    [status] => 0
    [message] => The domain changed or not defined - please contact meshulam
)
 CONTEXT: {"_legacy":true}
2025-01-06T08:12:15+00:00 NOTICE API Response: Array
(
    [status] => 0
    [message] => The domain changed or not defined - please contact meshulam
)
 CONTEXT: {"_legacy":true}
2025-01-06T08:12:30+00:00 NOTICE API Response: Array
(
    [status] => 0
    [message] => The domain changed or not defined - please contact meshulam
)
 CONTEXT: {"_legacy":true}
2025-01-06T08:12:31+00:00 NOTICE API Response: Array
(
    [status] => 0
    [message] => The domain changed or not defined - please contact meshulam
)
 CONTEXT: {"_legacy":true}
2025-01-06T08:12:39+00:00 NOTICE API Response: Array
(
    [status] => 0
    [message] => The domain changed or not defined - please contact meshulam
)
 CONTEXT: {"_legacy":true}
2025-01-06T08:14:26+00:00 NOTICE API Response: Array
(
    [status] => 0
    [message] => The domain changed or not defined - please contact meshulam
)
 CONTEXT: {"_legacy":true}
2025-01-06T08:14:28+00:00 NOTICE API Response: Array
(
    [status] => 0
    [message] => The domain changed or not defined - please contact meshulam
)
 CONTEXT: {"_legacy":true}
2025-01-06T08:14:35+00:00 NOTICE API Response: Array
(
    [status] => 0
    [message] => The domain changed or not defined - please contact meshulam
)
 CONTEXT: {"_legacy":true}
2025-01-06T08:14:38+00:00 NOTICE API Response: Array
(
    [status] => 0
    [message] => The domain changed or not defined - please contact meshulam
)
 CONTEXT: {"_legacy":true}
2025-01-06T08:14:47+00:00 NOTICE API Response: Array
(
    [status] => 0
    [message] => The domain changed or not defined - please contact meshulam
)
 CONTEXT: {"_legacy":true}
2025-01-06T08:14:48+00:00 NOTICE API Response: Array
(
    [status] => 0
    [message] => The domain changed or not defined - please contact meshulam
)
 CONTEXT: {"_legacy":true}
2025-01-06T08:14:49+00:00 NOTICE API Response: Array
(
    [status] => 0
    [message] => The domain changed or not defined - please contact meshulam
)
 CONTEXT: {"_legacy":true}
2025-01-06T08:14:50+00:00 NOTICE API Response: Array
(
    [status] => 0
    [message] => The domain changed or not defined - please contact meshulam
)
 CONTEXT: {"_legacy":true}
2025-01-06T08:15:19+00:00 NOTICE API Response: Array
(
    [status] => 0
    [message] => The domain changed or not defined - please contact meshulam
)
 CONTEXT: {"_legacy":true}
2025-01-06T08:15:21+00:00 NOTICE API Response: Array
(
    [status] => 0
    [message] => The domain changed or not defined - please contact meshulam
)
 CONTEXT: {"_legacy":true}
2025-01-06T08:15:22+00:00 NOTICE API Response: Array
(
    [status] => 0
    [message] => The domain changed or not defined - please contact meshulam
)
 CONTEXT: {"_legacy":true}
2025-01-06T08:15:28+00:00 NOTICE API Response: Array
(
    [status] => 0
    [message] => The domain changed or not defined - please contact meshulam
)
 CONTEXT: {"_legacy":true}
2025-01-06T08:15:36+00:00 NOTICE API Response: Array
(
    [status] => 0
    [message] => The domain changed or not defined - please contact meshulam
)
 CONTEXT: {"_legacy":true}
2025-01-06T08:15:37+00:00 NOTICE API Response: Array
(
    [status] => 0
    [message] => The domain changed or not defined - please contact meshulam
)
 CONTEXT: {"_legacy":true}
2025-01-06T08:15:38+00:00 NOTICE API Response: Array
(
    [status] => 0
    [message] => The domain changed or not defined - please contact meshulam
)
 CONTEXT: {"_legacy":true}
2025-01-06T08:15:39+00:00 NOTICE API Response: Array
(
    [status] => 0
    [message] => The domain changed or not defined - please contact meshulam
)
 CONTEXT: {"_legacy":true}
2025-01-06T08:15:59+00:00 NOTICE API Response: Array
(
    [status] => 0
    [message] => The domain changed or not defined - please contact meshulam
)
 CONTEXT: {"_legacy":true}
2025-01-06T08:16:01+00:00 NOTICE API Response: Array
(
    [status] => 0
    [message] => The domain changed or not defined - please contact meshulam
)
 CONTEXT: {"_legacy":true}
2025-01-06T08:16:04+00:00 NOTICE API Response: Array
(
    [status] => 0
    [message] => The domain changed or not defined - please contact meshulam
)
 CONTEXT: {"_legacy":true}
2025-01-06T08:16:05+00:00 NOTICE API Response: Array
(
    [status] => 0
    [message] => The domain changed or not defined - please contact meshulam
)
 CONTEXT: {"_legacy":true}
2025-01-06T08:16:14+00:00 NOTICE API Response: Array
(
    [status] => 0
    [message] => The domain changed or not defined - please contact meshulam
)
 CONTEXT: {"_legacy":true}
2025-01-06T08:16:15+00:00 NOTICE API Response: Array
(
    [status] => 0
    [message] => The domain changed or not defined - please contact meshulam
)
 CONTEXT: {"_legacy":true}
2025-01-06T08:16:16+00:00 NOTICE API Response: Array
(
    [status] => 0
    [message] => The domain changed or not defined - please contact meshulam
)
 CONTEXT: {"_legacy":true}
2025-01-06T08:16:17+00:00 NOTICE API Response: Array
(
    [status] => 0
    [message] => The domain changed or not defined - please contact meshulam
)
 CONTEXT: {"_legacy":true}
2025-01-06T08:16:48+00:00 NOTICE API Response: Array
(
    [status] => 0
    [message] => The domain changed or not defined - please contact meshulam
)
 CONTEXT: {"_legacy":true}
2025-01-06T08:16:51+00:00 NOTICE API Response: Array
(
    [status] => 0
    [message] => The domain changed or not defined - please contact meshulam
)
 CONTEXT: {"_legacy":true}
